<coverage line-rate="0.108675799086758" branch-rate="0.037243947858473" lines-covered="119" lines-valid="1095" branches-covered="20" branches-valid="537" complexity="0.0" version="1.9.4.1" timestamp="1285663026189">
  <sources>
    <source>
      /Users/cpicat/myproject/grails-app/domain
    </source>
    <source>
      /Users/cpicat/myproject/grails-app/controllers
    </source>
    <source>
      /Users/cpicat/myproject/grails-app/taglib
    </source>
    <source>
      /Users/cpicat/myproject/src/java
    </source>
    <source>
      /Users/cpicat/myproject/grails-app/services
    </source>
    <source>/Users/cpicat/myproject/src/groovy</source>
    <source></source>
  </sources>
  <packages>
    <package name="com.test.web" line-rate="0.2222222222222222" branch-rate="1.0" complexity="1.0">
      <classes>
        <class name="com.test.web.EmptyResultException" filename="com/test/web/EmptyResultException.java" line-rate="1.0" branch-rate="1.0" complexity="1.0">
          <methods>
            <method name="&lt;init&gt;" signature="(Ljava/lang/String;)V" line-rate="1.0" branch-rate="1.0">
              <lines>
                <line number="16" hits="5" branch="false"/>
                <line number="17" hits="5" branch="false"/>
              </lines>
            </method>
          </methods>
          <lines>
            <line number="16" hits="5" branch="false"/>
            <line number="17" hits="5" branch="false"/>
          </lines>
        </class>
      </classes>
    </package>
    <package name="" line-rate="0.06451612903225806" branch-rate="0.0" complexity="0.0">
      <classes>
        <class name="AboveEighteenFilters" filename="AboveEighteenFilters.groovy" line-rate="1.0" branch-rate="1.0" complexity="0.0">
          <methods>
            <method name="&lt;init&gt;" signature="()V" line-rate="1.0" branch-rate="1.0">
              <lines>
                <line number="2" hits="1" branch="false" condition-coverage="100%"/>
              </lines>
            </method>
          </methods>
          <lines>
            <line number="2" hits="1" branch="false" condition-coverage="100%"/>
          </lines>
        </class>
        <class name="AboveEighteenFilters$_closure1" filename="AboveEighteenFilters.groovy" line-rate="1.0" branch-rate="1.0" complexity="0.0">
          <methods>
            <method name="doCall" signature="(Ljava/lang/Object;)Ljava/lang/Object;" line-rate="1.0" branch-rate="1.0">
              <lines>
                <line number="6" hits="1" branch="false" condition-coverage="100%"/>
              </lines>
            </method>
          </methods>
          <lines>
            <line number="6" hits="1" branch="false" condition-coverage="100%"/>
          </lines>
        </class>
        <class name="AboveEighteenFilters$_closure1_closure2" filename="AboveEighteenFilters.groovy" line-rate="1.0" branch-rate="1.0" complexity="0.0">
          <methods>
            <method name="doCall" signature="(Ljava/lang/Object;)Ljava/lang/Object;" line-rate="1.0" branch-rate="1.0">
              <lines>
                <line number="7" hits="1" branch="false" condition-coverage="100%"/>
              </lines>
            </method>
          </methods>
          <lines>
            <line number="7" hits="1" branch="false" condition-coverage="100%"/>
          </lines>
        </class>
        <class name="AboveEighteenFilters$_closure1_closure2_closure3" filename="AboveEighteenFilters.groovy" line-rate="0.0" branch-rate="0.0" complexity="0.0">
          <methods>
            <method name="doCall" signature="(Ljava/lang/Object;)Ljava/lang/Object;" line-rate="0.0" branch-rate="0.0">
              <lines>
                <line number="9" hits="0" branch="true" condition-coverage="0% (0/4)">
                  <conditions>
                    <condition number="0" type="jump" coverage="0%"/>
                    <condition number="1" type="jump" coverage="0%"/>
                  </conditions>
                </line>
                <line number="10" hits="0" branch="false" condition-coverage="100%"/>
                <line number="11" hits="0" branch="false" condition-coverage="100%"/>
              </lines>
            </method>
          </methods>
          <lines>
            <line number="9" hits="0" branch="true" condition-coverage="0% (0/4)">
              <conditions>
                <condition number="0" type="jump" coverage="0%"/>
                <condition number="1" type="jump" coverage="0%"/>
              </conditions>
            </line>
            <line number="10" hits="0" branch="false" condition-coverage="100%"/>
            <line number="11" hits="0" branch="false" condition-coverage="100%"/>
          </lines>
        </class>
        <class name="BuildConfig" filename="BuildConfig.groovy" line-rate="0.0" branch-rate="1.0" complexity="0.0">
          <methods>
            <method name="run" signature="()Ljava/lang/Object;" line-rate="0.0" branch-rate="1.0">
              <lines>
                <line number="2" hits="0" branch="false" condition-coverage="100%"/>
                <line number="26" hits="0" branch="false" condition-coverage="100%"/>
              </lines>
            </method>
          </methods>
          <lines>
            <line number="2" hits="0" branch="false" condition-coverage="100%"/>
            <line number="26" hits="0" branch="false" condition-coverage="100%"/>
          </lines>
        </class>
        <class name="BuildConfig$_run_closure1" filename="BuildConfig.groovy" line-rate="0.0" branch-rate="1.0" complexity="0.0">
          <methods>
            <method name="doCall" signature="(Ljava/lang/Object;)Ljava/lang/Object;" line-rate="0.0" branch-rate="1.0">
              <lines>
                <line number="3" hits="0" branch="false" condition-coverage="100%"/>
                <line number="4" hits="0" branch="false" condition-coverage="100%"/>
                <line number="6" hits="0" branch="false" condition-coverage="100%"/>
                <line number="19" hits="0" branch="false" condition-coverage="100%"/>
              </lines>
            </method>
          </methods>
          <lines>
            <line number="3" hits="0" branch="false" condition-coverage="100%"/>
            <line number="4" hits="0" branch="false" condition-coverage="100%"/>
            <line number="6" hits="0" branch="false" condition-coverage="100%"/>
            <line number="19" hits="0" branch="false" condition-coverage="100%"/>
          </lines>
        </class>
        <class name="BuildConfig$_run_closure1_closure3" filename="BuildConfig.groovy" line-rate="0.0" branch-rate="1.0" complexity="0.0">
          <methods>
            <method name="doCall" signature="(Ljava/lang/Object;)Ljava/lang/Object;" line-rate="0.0" branch-rate="1.0">
              <lines>
                <line number="7" hits="0" branch="false" condition-coverage="100%"/>
              </lines>
            </method>
          </methods>
          <lines>
            <line number="7" hits="0" branch="false" condition-coverage="100%"/>
          </lines>
        </class>
        <class name="BuildConfig$_run_closure1_closure4" filename="BuildConfig.groovy" line-rate="0.0" branch-rate="1.0" complexity="0.0">
          <methods>
            <method name="doCall" signature="(Ljava/lang/Object;)Ljava/lang/Object;" line-rate="0.0" branch-rate="1.0">
              <lines>
                <line number="19" hits="0" branch="false" condition-coverage="100%"/>
              </lines>
            </method>
          </methods>
          <lines>
            <line number="19" hits="0" branch="false" condition-coverage="100%"/>
          </lines>
        </class>
        <class name="BuildConfig$_run_closure2" filename="BuildConfig.groovy" line-rate="0.0" branch-rate="1.0" complexity="0.0">
          <methods>
            <method name="doCall" signature="(Ljava/lang/Object;)Ljava/lang/Object;" line-rate="0.0" branch-rate="1.0">
              <lines>
                <line number="27" hits="0" branch="false" condition-coverage="100%"/>
                <line number="28" hits="0" branch="false" condition-coverage="100%"/>
              </lines>
            </method>
          </methods>
          <lines>
            <line number="27" hits="0" branch="false" condition-coverage="100%"/>
            <line number="28" hits="0" branch="false" condition-coverage="100%"/>
          </lines>
        </class>
        <class name="ButtonTagLib" filename="ButtonTagLib.groovy" line-rate="0.0" branch-rate="1.0" complexity="0.0">
          <methods>
            <method name="&lt;init&gt;" signature="()V" line-rate="0.0" branch-rate="1.0">
              <lines>
                <line number="2" hits="0" branch="false" condition-coverage="100%"/>
              </lines>
            </method>
          </methods>
          <lines>
            <line number="2" hits="0" branch="false" condition-coverage="100%"/>
          </lines>
        </class>
        <class name="ButtonTagLib$_closure1" filename="ButtonTagLib.groovy" line-rate="0.0" branch-rate="1.0" complexity="0.0">
          <methods>
            <method name="doCall" signature="(Ljava/lang/Object;Ljava/lang/Object;)Ljava/lang/Object;" line-rate="0.0" branch-rate="1.0">
              <lines>
                <line number="6" hits="0" branch="false" condition-coverage="100%"/>
                <line number="7" hits="0" branch="false" condition-coverage="100%"/>
                <line number="8" hits="0" branch="false" condition-coverage="100%"/>
                <line number="9" hits="0" branch="false" condition-coverage="100%"/>
                <line number="10" hits="0" branch="false" condition-coverage="100%"/>
                <line number="11" hits="0" branch="false" condition-coverage="100%"/>
                <line number="12" hits="0" branch="false" condition-coverage="100%"/>
                <line number="13" hits="0" branch="false" condition-coverage="100%"/>
              </lines>
            </method>
          </methods>
          <lines>
            <line number="6" hits="0" branch="false" condition-coverage="100%"/>
            <line number="7" hits="0" branch="false" condition-coverage="100%"/>
            <line number="8" hits="0" branch="false" condition-coverage="100%"/>
            <line number="9" hits="0" branch="false" condition-coverage="100%"/>
            <line number="10" hits="0" branch="false" condition-coverage="100%"/>
            <line number="11" hits="0" branch="false" condition-coverage="100%"/>
            <line number="12" hits="0" branch="false" condition-coverage="100%"/>
            <line number="13" hits="0" branch="false" condition-coverage="100%"/>
          </lines>
        </class>
        <class name="FontTagLib" filename="FontTagLib.groovy" line-rate="0.0" branch-rate="1.0" complexity="0.0">
          <methods>
            <method name="&lt;init&gt;" signature="()V" line-rate="0.0" branch-rate="1.0">
              <lines>
                <line number="6" hits="0" branch="false" condition-coverage="100%"/>
              </lines>
            </method>
          </methods>
          <lines>
              <line number="0" hits="0" branch="true" condition-coverage="0% (0/2)">
                  <conditions>
                      <condition number="0" type="switch" coverage="0%"/>
                  </conditions>
              </line>
            <line number="6" hits="0" branch="false" condition-coverage="100%"/>
          </lines>
        </class>
        <class name="FontTagLib$_closure1" filename="FontTagLib.groovy" line-rate="0.0" branch-rate="1.0" complexity="0.0">
          <methods>
            <method name="doCall" signature="(Ljava/lang/Object;Ljava/lang/Object;)Ljava/lang/Object;" line-rate="0.0" branch-rate="1.0">
              <lines>
                <line number="10" hits="0" branch="false" condition-coverage="100%"/>
                <line number="11" hits="0" branch="false" condition-coverage="100%"/>
                <line number="13" hits="0" branch="false" condition-coverage="100%"/>
              </lines>
            </method>
          </methods>
          <lines>
            <line number="10" hits="0" branch="false" condition-coverage="100%"/>
            <line number="11" hits="0" branch="false" condition-coverage="100%"/>
            <line number="13" hits="0" branch="false" condition-coverage="100%"/>
          </lines>
        </class>
        <class name="ImageTagLib" filename="ImageTagLib.groovy" line-rate="1.0" branch-rate="1.0" complexity="0.0">
          <methods>
            <method name="&lt;init&gt;" signature="()V" line-rate="1.0" branch-rate="1.0">
              <lines>
                <line number="2" hits="1" branch="false" condition-coverage="100%"/>
              </lines>
            </method>
          </methods>
          <lines>
            <line number="2" hits="1" branch="false" condition-coverage="100%"/>
          </lines>
        </class>
        <class name="ImageTagLib$_closure1" filename="ImageTagLib.groovy" line-rate="0.0" branch-rate="1.0" complexity="0.0">
          <methods>
            <method name="doCall" signature="(Ljava/lang/Object;Ljava/lang/Object;)Ljava/lang/Object;" line-rate="0.0" branch-rate="1.0">
              <lines>
                <line number="6" hits="0" branch="false" condition-coverage="100%"/>
                <line number="7" hits="0" branch="false" condition-coverage="100%"/>
                <line number="9" hits="0" branch="false" condition-coverage="100%"/>
                <line number="10" hits="0" branch="false" condition-coverage="100%"/>
                <line number="13" hits="0" branch="false" condition-coverage="100%"/>
              </lines>
            </method>
          </methods>
          <lines>
            <line number="6" hits="0" branch="false" condition-coverage="100%"/>
            <line number="7" hits="0" branch="false" condition-coverage="100%"/>
            <line number="9" hits="0" branch="false" condition-coverage="100%"/>
            <line number="10" hits="0" branch="false" condition-coverage="100%"/>
            <line number="13" hits="0" branch="false" condition-coverage="100%"/>
          </lines>
        </class>
        <class name="ImageTagLib$_closure1_closure5" filename="ImageTagLib.groovy" line-rate="0.0" branch-rate="1.0" complexity="0.0">
          <methods>
            <method name="doCall" signature="(Ljava/lang/Object;Ljava/lang/Object;)Ljava/lang/Object;" line-rate="0.0" branch-rate="1.0">
              <lines>
                <line number="11" hits="0" branch="false" condition-coverage="100%"/>
              </lines>
            </method>
          </methods>
          <lines>
            <line number="11" hits="0" branch="false" condition-coverage="100%"/>
          </lines>
        </class>
        <class name="ImageTagLib$_closure2" filename="ImageTagLib.groovy" line-rate="0.0" branch-rate="1.0" complexity="0.0">
          <methods>
            <method name="doCall" signature="(Ljava/lang/Object;Ljava/lang/Object;)Ljava/lang/Object;" line-rate="0.0" branch-rate="1.0">
              <lines>
                <line number="18" hits="0" branch="false" condition-coverage="100%"/>
                <line number="19" hits="0" branch="false" condition-coverage="100%"/>
                <line number="20" hits="0" branch="false" condition-coverage="100%"/>
                <line number="23" hits="0" branch="false" condition-coverage="100%"/>
              </lines>
            </method>
          </methods>
          <lines>
            <line number="18" hits="0" branch="false" condition-coverage="100%"/>
            <line number="19" hits="0" branch="false" condition-coverage="100%"/>
            <line number="20" hits="0" branch="false" condition-coverage="100%"/>
            <line number="23" hits="0" branch="false" condition-coverage="100%"/>
          </lines>
        </class>
        <class name="ImageTagLib$_closure2_closure6" filename="ImageTagLib.groovy" line-rate="0.0" branch-rate="1.0" complexity="0.0">
          <methods>
            <method name="doCall" signature="(Ljava/lang/Object;Ljava/lang/Object;)Ljava/lang/Object;" line-rate="0.0" branch-rate="1.0">
              <lines>
                <line number="21" hits="0" branch="false" condition-coverage="100%"/>
              </lines>
            </method>
          </methods>
          <lines>
            <line number="21" hits="0" branch="false" condition-coverage="100%"/>
          </lines>
        </class>
        <class name="ImageTagLib$_closure3" filename="ImageTagLib.groovy" line-rate="0.0" branch-rate="1.0" complexity="0.0">
          <methods>
            <method name="doCall" signature="(Ljava/lang/Object;Ljava/lang/Object;)Ljava/lang/Object;" line-rate="0.0" branch-rate="1.0">
              <lines>
                <line number="28" hits="0" branch="false" condition-coverage="100%"/>
                <line number="29" hits="0" branch="false" condition-coverage="100%"/>
                <line number="30" hits="0" branch="false" condition-coverage="100%"/>
              </lines>
            </method>
          </methods>
          <lines>
            <line number="28" hits="0" branch="false" condition-coverage="100%"/>
            <line number="29" hits="0" branch="false" condition-coverage="100%"/>
            <line number="30" hits="0" branch="false" condition-coverage="100%"/>
          </lines>
        </class>
        <class name="ImageTagLib$_closure4" filename="ImageTagLib.groovy" line-rate="0.0" branch-rate="0.0" complexity="0.0">
          <methods>
            <method name="doCall" signature="(Ljava/lang/Object;Ljava/lang/Object;)Ljava/lang/Object;" line-rate="0.0" branch-rate="0.0">
              <lines>
                <line number="35" hits="0" branch="true" condition-coverage="0% (0/2)">
                  <conditions>
                    <condition number="0" type="jump" coverage="0%"/>
                  </conditions>
                </line>
                <line number="36" hits="0" branch="false" condition-coverage="100%"/>
                <line number="39" hits="0" branch="false" condition-coverage="100%"/>
              </lines>
            </method>
          </methods>
          <lines>
            <line number="35" hits="0" branch="true" condition-coverage="0% (0/2)">
              <conditions>
                <condition number="0" type="jump" coverage="0%"/>
              </conditions>
            </line>
            <line number="36" hits="0" branch="false" condition-coverage="100%"/>
            <line number="39" hits="0" branch="false" condition-coverage="100%"/>
          </lines>
        </class>
        <class name="LoggingFilters" filename="LoggingFilters.groovy" line-rate="1.0" branch-rate="1.0" complexity="0.0">
          <methods>
            <method name="&lt;init&gt;" signature="()V" line-rate="1.0" branch-rate="1.0">
              <lines>
                <line number="2" hits="1" branch="false" condition-coverage="100%"/>
              </lines>
            </method>
          </methods>
          <lines>
            <line number="2" hits="1" branch="false" condition-coverage="100%"/>
          </lines>
        </class>
        <class name="LoggingFilters$_closure1" filename="LoggingFilters.groovy" line-rate="1.0" branch-rate="1.0" complexity="0.0">
          <methods>
            <method name="doCall" signature="(Ljava/lang/Object;)Ljava/lang/Object;" line-rate="1.0" branch-rate="1.0">
              <lines>
                <line number="5" hits="1" branch="false" condition-coverage="100%"/>
              </lines>
            </method>
          </methods>
          <lines>
            <line number="5" hits="1" branch="false" condition-coverage="100%"/>
          </lines>
        </class>
        <class name="LoggingFilters$_closure1_closure2" filename="LoggingFilters.groovy" line-rate="1.0" branch-rate="1.0" complexity="0.0">
          <methods>
            <method name="doCall" signature="(Ljava/lang/Object;)Ljava/lang/Object;" line-rate="1.0" branch-rate="1.0">
              <lines>
                <line number="6" hits="1" branch="false" condition-coverage="100%"/>
              </lines>
            </method>
          </methods>
          <lines>
            <line number="6" hits="1" branch="false" condition-coverage="100%"/>
          </lines>
        </class>
        <class name="LoggingFilters$_closure1_closure2_closure3" filename="LoggingFilters.groovy" line-rate="0.0" branch-rate="1.0" complexity="0.0">
          <methods>
            <method name="doCall" signature="(Ljava/lang/Object;)Ljava/lang/Object;" line-rate="0.0" branch-rate="1.0">
              <lines>
                <line number="7" hits="0" branch="false" condition-coverage="100%"/>
              </lines>
            </method>
          </methods>
          <lines>
            <line number="7" hits="0" branch="false" condition-coverage="100%"/>
          </lines>
        </class>
        <class name="MenuTagLib" filename="MenuTagLib.groovy" line-rate="0.0" branch-rate="1.0" complexity="0.0">
          <methods>
            <method name="&lt;init&gt;" signature="()V" line-rate="0.0" branch-rate="1.0">
              <lines>
                <line number="2" hits="0" branch="false" condition-coverage="100%"/>
              </lines>
            </method>
          </methods>
          <lines>
            <line number="2" hits="0" branch="false" condition-coverage="100%"/>
          </lines>
        </class>
        <class name="MenuTagLib$_closure1" filename="MenuTagLib.groovy" line-rate="0.0" branch-rate="0.0" complexity="0.0">
          <methods>
            <method name="doCall" signature="(Ljava/lang/Object;Ljava/lang/Object;)Ljava/lang/Object;" line-rate="0.0" branch-rate="0.0">
              <lines>
                <line number="6" hits="0" branch="true" condition-coverage="0% (0/2)">
                  <conditions>
                    <condition number="0" type="jump" coverage="0%"/>
                  </conditions>
                </line>
                <line number="7" hits="0" branch="false" condition-coverage="100%"/>
              </lines>
            </method>
          </methods>
          <lines>
            <line number="6" hits="0" branch="true" condition-coverage="0% (0/2)">
              <conditions>
                <condition number="0" type="jump" coverage="0%"/>
              </conditions>
            </line>
            <line number="7" hits="0" branch="false" condition-coverage="100%"/>
          </lines>
        </class>
        <class name="MenuTagLib$_closure2" filename="MenuTagLib.groovy" line-rate="0.0" branch-rate="0.0" complexity="0.0">
          <methods>
            <method name="doCall" signature="(Ljava/lang/Object;)Ljava/lang/Object;" line-rate="0.0" branch-rate="0.0">
              <lines>
                <line number="13" hits="0" branch="true" condition-coverage="0% (0/2)">
                  <conditions>
                    <condition number="0" type="jump" coverage="0%"/>
                  </conditions>
                </line>
                <line number="14" hits="0" branch="true" condition-coverage="0% (0/2)">
                  <conditions>
                    <condition number="0" type="jump" coverage="0%"/>
                  </conditions>
                </line>
                <line number="15" hits="0" branch="true" condition-coverage="0% (0/4)">
                  <conditions>
                    <condition number="0" type="jump" coverage="0%"/>
                    <condition number="1" type="jump" coverage="0%"/>
                  </conditions>
                </line>
                <line number="16" hits="0" branch="true" condition-coverage="0% (0/4)">
                  <conditions>
                    <condition number="0" type="jump" coverage="0%"/>
                    <condition number="1" type="jump" coverage="0%"/>
                  </conditions>
                </line>
                <line number="17" hits="0" branch="true" condition-coverage="0% (0/6)">
                  <conditions>
                    <condition number="0" type="jump" coverage="0%"/>
                    <condition number="1" type="jump" coverage="0%"/>
                    <condition number="2" type="jump" coverage="0%"/>
                  </conditions>
                </line>
                <line number="19" hits="0" branch="false" condition-coverage="100%"/>
              </lines>
            </method>
          </methods>
          <lines>
            <line number="13" hits="0" branch="true" condition-coverage="0% (0/2)">
              <conditions>
                <condition number="0" type="jump" coverage="0%"/>
              </conditions>
            </line>
            <line number="14" hits="0" branch="true" condition-coverage="0% (0/2)">
              <conditions>
                <condition number="0" type="jump" coverage="0%"/>
              </conditions>
            </line>
            <line number="15" hits="0" branch="true" condition-coverage="0% (0/4)">
              <conditions>
                <condition number="0" type="jump" coverage="0%"/>
                <condition number="1" type="jump" coverage="0%"/>
              </conditions>
            </line>
            <line number="16" hits="0" branch="true" condition-coverage="0% (0/4)">
              <conditions>
                <condition number="0" type="jump" coverage="0%"/>
                <condition number="1" type="jump" coverage="0%"/>
              </conditions>
            </line>
            <line number="17" hits="0" branch="true" condition-coverage="0% (0/6)">
              <conditions>
                <condition number="0" type="jump" coverage="0%"/>
                <condition number="1" type="jump" coverage="0%"/>
                <condition number="2" type="jump" coverage="0%"/>
              </conditions>
            </line>
            <line number="19" hits="0" branch="false" condition-coverage="100%"/>
          </lines>
        </class>
        <class name="MenuTagLib$_closure3" filename="MenuTagLib.groovy" line-rate="0.0" branch-rate="0.0" complexity="0.0">
          <methods>
            <method name="doCall" signature="(Ljava/lang/Object;Ljava/lang/Object;)Ljava/lang/Object;" line-rate="0.0" branch-rate="0.0">
              <lines>
                <line number="25" hits="0" branch="true" condition-coverage="0% (0/2)">
                  <conditions>
                    <condition number="0" type="jump" coverage="0%"/>
                  </conditions>
                </line>
                <line number="26" hits="0" branch="false" condition-coverage="100%"/>
              </lines>
            </method>
          </methods>
          <lines>
            <line number="25" hits="0" branch="true" condition-coverage="0% (0/2)">
              <conditions>
                <condition number="0" type="jump" coverage="0%"/>
              </conditions>
            </line>
            <line number="26" hits="0" branch="false" condition-coverage="100%"/>
          </lines>
        </class>
        <class name="MenuTagLib$_closure4" filename="MenuTagLib.groovy" line-rate="0.0" branch-rate="0.0" complexity="0.0">
          <methods>
            <method name="doCall" signature="(Ljava/lang/Object;Ljava/lang/Object;)Ljava/lang/Object;" line-rate="0.0" branch-rate="0.0">
              <lines>
                <line number="31" hits="0" branch="true" condition-coverage="0% (0/2)">
                  <conditions>
                    <condition number="0" type="jump" coverage="0%"/>
                  </conditions>
                </line>
                <line number="32" hits="0" branch="false" condition-coverage="100%"/>
                <line number="35" hits="0" branch="false" condition-coverage="100%"/>
              </lines>
            </method>
          </methods>
          <lines>
            <line number="31" hits="0" branch="true" condition-coverage="0% (0/2)">
              <conditions>
                <condition number="0" type="jump" coverage="0%"/>
              </conditions>
            </line>
            <line number="32" hits="0" branch="false" condition-coverage="100%"/>
            <line number="35" hits="0" branch="false" condition-coverage="100%"/>
          </lines>
        </class>
        <class name="NumberTagLib" filename="NumberTagLib.groovy" line-rate="0.0" branch-rate="1.0" complexity="0.0">
          <methods>
            <method name="&lt;init&gt;" signature="()V" line-rate="0.0" branch-rate="1.0">
              <lines>
                <line number="2" hits="0" branch="false" condition-coverage="100%"/>
              </lines>
            </method>
          </methods>
          <lines>
            <line number="2" hits="0" branch="false" condition-coverage="100%"/>
          </lines>
        </class>
        <class name="NumberTagLib$_closure1" filename="NumberTagLib.groovy" line-rate="0.0" branch-rate="1.0" complexity="0.0">
          <methods>
            <method name="doCall" signature="(Ljava/lang/Object;Ljava/lang/Object;)Ljava/lang/Object;" line-rate="0.0" branch-rate="1.0">
              <lines>
                <line number="6" hits="0" branch="false" condition-coverage="100%"/>
                <line number="7" hits="0" branch="false" condition-coverage="100%"/>
                <line number="9" hits="0" branch="false" condition-coverage="100%"/>
              </lines>
            </method>
          </methods>
          <lines>
            <line number="6" hits="0" branch="false" condition-coverage="100%"/>
            <line number="7" hits="0" branch="false" condition-coverage="100%"/>
            <line number="9" hits="0" branch="false" condition-coverage="100%"/>
          </lines>
        </class>
        <class name="NumberTagLib$_closure2" filename="NumberTagLib.groovy" line-rate="0.0" branch-rate="1.0" complexity="0.0">
          <methods>
            <method name="doCall" signature="(Ljava/lang/Object;Ljava/lang/Object;)Ljava/lang/Object;" line-rate="0.0" branch-rate="1.0">
              <lines>
                <line number="14" hits="0" branch="false" condition-coverage="100%"/>
                <line number="15" hits="0" branch="false" condition-coverage="100%"/>
                <line number="17" hits="0" branch="false" condition-coverage="100%"/>
              </lines>
            </method>
          </methods>
          <lines>
            <line number="14" hits="0" branch="false" condition-coverage="100%"/>
            <line number="15" hits="0" branch="false" condition-coverage="100%"/>
            <line number="17" hits="0" branch="false" condition-coverage="100%"/>
          </lines>
        </class>
        <class name="PaginateTagLib" filename="PaginateTagLib.groovy" line-rate="0.0" branch-rate="1.0" complexity="0.0">
          <methods>
            <method name="&lt;init&gt;" signature="()V" line-rate="0.0" branch-rate="1.0">
              <lines>
                <line number="4" hits="0" branch="false" condition-coverage="100%"/>
              </lines>
            </method>
          </methods>
          <lines>
            <line number="4" hits="0" branch="false" condition-coverage="100%"/>
          </lines>
        </class>
        <class name="PaginateTagLib$_closure1" filename="PaginateTagLib.groovy" line-rate="0.0" branch-rate="0.0" complexity="0.0">
          <methods>
            <method name="doCall" signature="(Ljava/lang/Object;)Ljava/lang/Object;" line-rate="0.0" branch-rate="0.0">
              <lines>
                <line number="8" hits="0" branch="false" condition-coverage="100%"/>
                <line number="9" hits="0" branch="true" condition-coverage="0% (0/2)">
                  <conditions>
                    <condition number="0" type="jump" coverage="0%"/>
                  </conditions>
                </line>
                <line number="10" hits="0" branch="false" condition-coverage="100%"/>
                <line number="12" hits="0" branch="false" condition-coverage="100%"/>
                <line number="13" hits="0" branch="false" condition-coverage="100%"/>
                <line number="15" hits="0" branch="false" condition-coverage="100%"/>
                <line number="16" hits="0" branch="true" condition-coverage="0% (0/4)">
                  <conditions>
                    <condition number="0" type="jump" coverage="0%"/>
                    <condition number="1" type="jump" coverage="0%"/>
                  </conditions>
                </line>
                <line number="17" hits="0" branch="false" condition-coverage="100%"/>
                <line number="18" hits="0" branch="false" condition-coverage="100%"/>
                <line number="19" hits="0" branch="true" condition-coverage="0% (0/2)">
                  <conditions>
                    <condition number="0" type="jump" coverage="0%"/>
                  </conditions>
                </line>
                <line number="21" hits="0" branch="true" condition-coverage="0% (0/6)">
                  <conditions>
                    <condition number="0" type="jump" coverage="0%"/>
                    <condition number="1" type="jump" coverage="0%"/>
                    <condition number="2" type="jump" coverage="0%"/>
                  </conditions>
                </line>
                <line number="22" hits="0" branch="true" condition-coverage="0% (0/6)">
                  <conditions>
                    <condition number="0" type="jump" coverage="0%"/>
                    <condition number="1" type="jump" coverage="0%"/>
                    <condition number="2" type="jump" coverage="0%"/>
                  </conditions>
                </line>
                <line number="24" hits="0" branch="false" condition-coverage="100%"/>
                <line number="25" hits="0" branch="true" condition-coverage="0% (0/2)">
                  <conditions>
                    <condition number="0" type="jump" coverage="0%"/>
                  </conditions>
                </line>
                <line number="26" hits="0" branch="true" condition-coverage="0% (0/2)">
                  <conditions>
                    <condition number="0" type="jump" coverage="0%"/>
                  </conditions>
                </line>
                <line number="27" hits="0" branch="true" condition-coverage="0% (0/2)">
                  <conditions>
                    <condition number="0" type="jump" coverage="0%"/>
                  </conditions>
                </line>
                <line number="29" hits="0" branch="false" condition-coverage="100%"/>
                <line number="30" hits="0" branch="true" condition-coverage="0% (0/2)">
                  <conditions>
                    <condition number="0" type="jump" coverage="0%"/>
                  </conditions>
                </line>
                <line number="31" hits="0" branch="false" condition-coverage="100%"/>
                <line number="33" hits="0" branch="true" condition-coverage="0% (0/2)">
                  <conditions>
                    <condition number="0" type="jump" coverage="0%"/>
                  </conditions>
                </line>
                <line number="34" hits="0" branch="false" condition-coverage="100%"/>
                <line number="36" hits="0" branch="false" condition-coverage="100%"/>
                <line number="39" hits="0" branch="true" condition-coverage="0% (0/2)">
                  <conditions>
                    <condition number="0" type="jump" coverage="0%"/>
                  </conditions>
                </line>
                <line number="40" hits="0" branch="false" condition-coverage="100%"/>
                <line number="41" hits="0" branch="false" condition-coverage="100%"/>
                <line number="42" hits="0" branch="false" condition-coverage="100%"/>
                <line number="45" hits="0" branch="true" condition-coverage="0% (0/6)">
                  <conditions>
                    <condition number="0" type="jump" coverage="0%"/>
                    <condition number="1" type="jump" coverage="0%"/>
                    <condition number="2" type="jump" coverage="0%"/>
                  </conditions>
                </line>
                <line number="46" hits="0" branch="false" condition-coverage="100%"/>
                <line number="49" hits="0" branch="false" condition-coverage="100%"/>
                <line number="50" hits="0" branch="false" condition-coverage="100%"/>
                <line number="53" hits="0" branch="false" condition-coverage="100%"/>
                <line number="69" hits="0" branch="false" condition-coverage="100%"/>
              </lines>
            </method>
          </methods>
          <lines>
            <line number="8" hits="0" branch="false" condition-coverage="100%"/>
            <line number="9" hits="0" branch="true" condition-coverage="0% (0/2)">
              <conditions>
                <condition number="0" type="jump" coverage="0%"/>
              </conditions>
            </line>
            <line number="10" hits="0" branch="false" condition-coverage="100%"/>
            <line number="12" hits="0" branch="false" condition-coverage="100%"/>
            <line number="13" hits="0" branch="false" condition-coverage="100%"/>
            <line number="15" hits="0" branch="false" condition-coverage="100%"/>
            <line number="16" hits="0" branch="true" condition-coverage="0% (0/4)">
              <conditions>
                <condition number="0" type="jump" coverage="0%"/>
                <condition number="1" type="jump" coverage="0%"/>
              </conditions>
            </line>
            <line number="17" hits="0" branch="false" condition-coverage="100%"/>
            <line number="18" hits="0" branch="false" condition-coverage="100%"/>
            <line number="19" hits="0" branch="true" condition-coverage="0% (0/2)">
              <conditions>
                <condition number="0" type="jump" coverage="0%"/>
              </conditions>
            </line>
            <line number="21" hits="0" branch="true" condition-coverage="0% (0/6)">
              <conditions>
                <condition number="0" type="jump" coverage="0%"/>
                <condition number="1" type="jump" coverage="0%"/>
                <condition number="2" type="jump" coverage="0%"/>
              </conditions>
            </line>
            <line number="22" hits="0" branch="true" condition-coverage="0% (0/6)">
              <conditions>
                <condition number="0" type="jump" coverage="0%"/>
                <condition number="1" type="jump" coverage="0%"/>
                <condition number="2" type="jump" coverage="0%"/>
              </conditions>
            </line>
            <line number="24" hits="0" branch="false" condition-coverage="100%"/>
            <line number="25" hits="0" branch="true" condition-coverage="0% (0/2)">
              <conditions>
                <condition number="0" type="jump" coverage="0%"/>
              </conditions>
            </line>
            <line number="26" hits="0" branch="true" condition-coverage="0% (0/2)">
              <conditions>
                <condition number="0" type="jump" coverage="0%"/>
              </conditions>
            </line>
            <line number="27" hits="0" branch="true" condition-coverage="0% (0/2)">
              <conditions>
                <condition number="0" type="jump" coverage="0%"/>
              </conditions>
            </line>
            <line number="29" hits="0" branch="false" condition-coverage="100%"/>
            <line number="30" hits="0" branch="true" condition-coverage="0% (0/2)">
              <conditions>
                <condition number="0" type="jump" coverage="0%"/>
              </conditions>
            </line>
            <line number="31" hits="0" branch="false" condition-coverage="100%"/>
            <line number="33" hits="0" branch="true" condition-coverage="0% (0/2)">
              <conditions>
                <condition number="0" type="jump" coverage="0%"/>
              </conditions>
            </line>
            <line number="34" hits="0" branch="false" condition-coverage="100%"/>
            <line number="36" hits="0" branch="false" condition-coverage="100%"/>
            <line number="39" hits="0" branch="true" condition-coverage="0% (0/2)">
              <conditions>
                <condition number="0" type="jump" coverage="0%"/>
              </conditions>
            </line>
            <line number="40" hits="0" branch="false" condition-coverage="100%"/>
            <line number="41" hits="0" branch="false" condition-coverage="100%"/>
            <line number="42" hits="0" branch="false" condition-coverage="100%"/>
            <line number="45" hits="0" branch="true" condition-coverage="0% (0/6)">
              <conditions>
                <condition number="0" type="jump" coverage="0%"/>
                <condition number="1" type="jump" coverage="0%"/>
                <condition number="2" type="jump" coverage="0%"/>
              </conditions>
            </line>
            <line number="46" hits="0" branch="false" condition-coverage="100%"/>
            <line number="49" hits="0" branch="false" condition-coverage="100%"/>
            <line number="50" hits="0" branch="false" condition-coverage="100%"/>
            <line number="53" hits="0" branch="false" condition-coverage="100%"/>
            <line number="69" hits="0" branch="false" condition-coverage="100%"/>
          </lines>
        </class>
        <class name="PaginateTagLib$_closure1_closure3" filename="PaginateTagLib.groovy" line-rate="0.0" branch-rate="0.0" complexity="0.0">
          <methods>
            <method name="doCall" signature="(Ljava/lang/Object;)Ljava/lang/Object;" line-rate="0.0" branch-rate="0.0">
              <lines>
                <line number="54" hits="0" branch="true" condition-coverage="0% (0/2)">
                  <conditions>
                    <condition number="0" type="jump" coverage="0%"/>
                  </conditions>
                </line>
                <line number="55" hits="0" branch="true" condition-coverage="0% (0/2)">
                  <conditions>
                    <condition number="0" type="jump" coverage="0%"/>
                  </conditions>
                </line>
                <line number="56" hits="0" branch="false" condition-coverage="100%"/>
                <line number="58" hits="0" branch="false" condition-coverage="100%"/>
                <line number="61" hits="0" branch="false" condition-coverage="100%"/>
                <line number="62" hits="0" branch="true" condition-coverage="0% (0/2)">
                  <conditions>
                    <condition number="0" type="jump" coverage="0%"/>
                  </conditions>
                </line>
                <line number="63" hits="0" branch="false" condition-coverage="100%"/>
                <line number="65" hits="0" branch="false" condition-coverage="100%"/>
              </lines>
            </method>
          </methods>
          <lines>
            <line number="54" hits="0" branch="true" condition-coverage="0% (0/2)">
              <conditions>
                <condition number="0" type="jump" coverage="0%"/>
              </conditions>
            </line>
            <line number="55" hits="0" branch="true" condition-coverage="0% (0/2)">
              <conditions>
                <condition number="0" type="jump" coverage="0%"/>
              </conditions>
            </line>
            <line number="56" hits="0" branch="false" condition-coverage="100%"/>
            <line number="58" hits="0" branch="false" condition-coverage="100%"/>
            <line number="61" hits="0" branch="false" condition-coverage="100%"/>
            <line number="62" hits="0" branch="true" condition-coverage="0% (0/2)">
              <conditions>
                <condition number="0" type="jump" coverage="0%"/>
              </conditions>
            </line>
            <line number="63" hits="0" branch="false" condition-coverage="100%"/>
            <line number="65" hits="0" branch="false" condition-coverage="100%"/>
          </lines>
        </class>
        <class name="PaginateTagLib$_closure1_closure3_closure4" filename="PaginateTagLib.groovy" line-rate="0.0" branch-rate="1.0" complexity="0.0">
          <methods>
            <method name="doCall" signature="(Ljava/lang/Object;)Ljava/lang/Object;" line-rate="0.0" branch-rate="1.0">
              <lines>
                <line number="63" hits="0" branch="false" condition-coverage="100%"/>
              </lines>
            </method>
          </methods>
          <lines>
            <line number="63" hits="0" branch="false" condition-coverage="100%"/>
          </lines>
        </class>
        <class name="PaginateTagLib$_closure1_closure3_closure5" filename="PaginateTagLib.groovy" line-rate="0.0" branch-rate="1.0" complexity="0.0">
          <methods>
            <method name="doCall" signature="(Ljava/lang/Object;)Ljava/lang/Object;" line-rate="0.0" branch-rate="1.0">
              <lines>
                <line number="65" hits="0" branch="false" condition-coverage="100%"/>
              </lines>
            </method>
          </methods>
          <lines>
            <line number="65" hits="0" branch="false" condition-coverage="100%"/>
          </lines>
        </class>
        <class name="PaginateTagLib$_closure2" filename="PaginateTagLib.groovy" line-rate="0.0" branch-rate="0.0" complexity="0.0">
          <methods>
            <method name="doCall" signature="(Ljava/lang/Object;)Ljava/lang/Object;" line-rate="0.0" branch-rate="0.0">
              <lines>
                <line number="76" hits="0" branch="false" condition-coverage="100%"/>
                <line number="77" hits="0" branch="true" condition-coverage="0% (0/2)">
                  <conditions>
                    <condition number="0" type="jump" coverage="0%"/>
                  </conditions>
                </line>
                <line number="78" hits="0" branch="false" condition-coverage="100%"/>
                <line number="80" hits="0" branch="false" condition-coverage="100%"/>
                <line number="81" hits="0" branch="true" condition-coverage="0% (0/4)">
                  <conditions>
                    <condition number="0" type="jump" coverage="0%"/>
                    <condition number="1" type="jump" coverage="0%"/>
                  </conditions>
                </line>
                <line number="82" hits="0" branch="false" condition-coverage="100%"/>
                <line number="83" hits="0" branch="false" condition-coverage="100%"/>
                <line number="84" hits="0" branch="true" condition-coverage="0% (0/2)">
                  <conditions>
                    <condition number="0" type="jump" coverage="0%"/>
                  </conditions>
                </line>
                <line number="86" hits="0" branch="true" condition-coverage="0% (0/6)">
                  <conditions>
                    <condition number="0" type="jump" coverage="0%"/>
                    <condition number="1" type="jump" coverage="0%"/>
                    <condition number="2" type="jump" coverage="0%"/>
                  </conditions>
                </line>
                <line number="87" hits="0" branch="true" condition-coverage="0% (0/6)">
                  <conditions>
                    <condition number="0" type="jump" coverage="0%"/>
                    <condition number="1" type="jump" coverage="0%"/>
                    <condition number="2" type="jump" coverage="0%"/>
                  </conditions>
                </line>
                <line number="89" hits="0" branch="false" condition-coverage="100%"/>
                <line number="90" hits="0" branch="true" condition-coverage="0% (0/2)">
                  <conditions>
                    <condition number="0" type="jump" coverage="0%"/>
                  </conditions>
                </line>
                <line number="91" hits="0" branch="true" condition-coverage="0% (0/2)">
                  <conditions>
                    <condition number="0" type="jump" coverage="0%"/>
                  </conditions>
                </line>
                <line number="92" hits="0" branch="true" condition-coverage="0% (0/2)">
                  <conditions>
                    <condition number="0" type="jump" coverage="0%"/>
                  </conditions>
                </line>
                <line number="94" hits="0" branch="false" condition-coverage="100%"/>
                <line number="95" hits="0" branch="true" condition-coverage="0% (0/2)">
                  <conditions>
                    <condition number="0" type="jump" coverage="0%"/>
                  </conditions>
                </line>
                <line number="96" hits="0" branch="false" condition-coverage="100%"/>
                <line number="98" hits="0" branch="true" condition-coverage="0% (0/2)">
                  <conditions>
                    <condition number="0" type="jump" coverage="0%"/>
                  </conditions>
                </line>
                <line number="99" hits="0" branch="false" condition-coverage="100%"/>
                <line number="101" hits="0" branch="false" condition-coverage="100%"/>
                <line number="104" hits="0" branch="true" condition-coverage="0% (0/2)">
                  <conditions>
                    <condition number="0" type="jump" coverage="0%"/>
                  </conditions>
                </line>
                <line number="105" hits="0" branch="false" condition-coverage="100%"/>
                <line number="106" hits="0" branch="false" condition-coverage="100%"/>
                <line number="107" hits="0" branch="false" condition-coverage="100%"/>
                <line number="110" hits="0" branch="false" condition-coverage="100%"/>
                <line number="111" hits="0" branch="false" condition-coverage="100%"/>
                <line number="112" hits="0" branch="false" condition-coverage="100%"/>
                <line number="113" hits="0" branch="false" condition-coverage="100%"/>
                <line number="114" hits="0" branch="false" condition-coverage="100%"/>
                <line number="115" hits="0" branch="false" condition-coverage="100%"/>
                <line number="117" hits="0" branch="true" condition-coverage="0% (0/2)">
                  <conditions>
                    <condition number="0" type="jump" coverage="0%"/>
                  </conditions>
                </line>
                <line number="118" hits="0" branch="true" condition-coverage="0% (0/2)">
                  <conditions>
                    <condition number="0" type="jump" coverage="0%"/>
                  </conditions>
                </line>
                <line number="119" hits="0" branch="false" condition-coverage="100%"/>
                <line number="122" hits="0" branch="false" condition-coverage="100%"/>
                <line number="124" hits="0" branch="false" condition-coverage="100%"/>
                <line number="125" hits="0" branch="false" condition-coverage="100%"/>
                <line number="126" hits="0" branch="false" condition-coverage="100%"/>
                <line number="129" hits="0" branch="true" condition-coverage="0% (0/2)">
                  <conditions>
                    <condition number="0" type="jump" coverage="0%"/>
                  </conditions>
                </line>
                <line number="130" hits="0" branch="true" condition-coverage="0% (0/2)">
                  <conditions>
                    <condition number="0" type="jump" coverage="0%"/>
                  </conditions>
                </line>
                <line number="131" hits="0" branch="false" condition-coverage="100%"/>
                <line number="134" hits="0" branch="false" condition-coverage="100%"/>
                <line number="136" hits="0" branch="false" condition-coverage="100%"/>
                <line number="138" hits="0" branch="false" condition-coverage="100%"/>
                <line number="139" hits="0" branch="false" condition-coverage="100%"/>
              </lines>
            </method>
          </methods>
          <lines>
            <line number="76" hits="0" branch="false" condition-coverage="100%"/>
            <line number="77" hits="0" branch="true" condition-coverage="0% (0/2)">
              <conditions>
                <condition number="0" type="jump" coverage="0%"/>
              </conditions>
            </line>
            <line number="78" hits="0" branch="false" condition-coverage="100%"/>
            <line number="80" hits="0" branch="false" condition-coverage="100%"/>
            <line number="81" hits="0" branch="true" condition-coverage="0% (0/4)">
              <conditions>
                <condition number="0" type="jump" coverage="0%"/>
                <condition number="1" type="jump" coverage="0%"/>
              </conditions>
            </line>
            <line number="82" hits="0" branch="false" condition-coverage="100%"/>
            <line number="83" hits="0" branch="false" condition-coverage="100%"/>
            <line number="84" hits="0" branch="true" condition-coverage="0% (0/2)">
              <conditions>
                <condition number="0" type="jump" coverage="0%"/>
              </conditions>
            </line>
            <line number="86" hits="0" branch="true" condition-coverage="0% (0/6)">
              <conditions>
                <condition number="0" type="jump" coverage="0%"/>
                <condition number="1" type="jump" coverage="0%"/>
                <condition number="2" type="jump" coverage="0%"/>
              </conditions>
            </line>
            <line number="87" hits="0" branch="true" condition-coverage="0% (0/6)">
              <conditions>
                <condition number="0" type="jump" coverage="0%"/>
                <condition number="1" type="jump" coverage="0%"/>
                <condition number="2" type="jump" coverage="0%"/>
              </conditions>
            </line>
            <line number="89" hits="0" branch="false" condition-coverage="100%"/>
            <line number="90" hits="0" branch="true" condition-coverage="0% (0/2)">
              <conditions>
                <condition number="0" type="jump" coverage="0%"/>
              </conditions>
            </line>
            <line number="91" hits="0" branch="true" condition-coverage="0% (0/2)">
              <conditions>
                <condition number="0" type="jump" coverage="0%"/>
              </conditions>
            </line>
            <line number="92" hits="0" branch="true" condition-coverage="0% (0/2)">
              <conditions>
                <condition number="0" type="jump" coverage="0%"/>
              </conditions>
            </line>
            <line number="94" hits="0" branch="false" condition-coverage="100%"/>
            <line number="95" hits="0" branch="true" condition-coverage="0% (0/2)">
              <conditions>
                <condition number="0" type="jump" coverage="0%"/>
              </conditions>
            </line>
            <line number="96" hits="0" branch="false" condition-coverage="100%"/>
            <line number="98" hits="0" branch="true" condition-coverage="0% (0/2)">
              <conditions>
                <condition number="0" type="jump" coverage="0%"/>
              </conditions>
            </line>
            <line number="99" hits="0" branch="false" condition-coverage="100%"/>
            <line number="101" hits="0" branch="false" condition-coverage="100%"/>
            <line number="104" hits="0" branch="true" condition-coverage="0% (0/2)">
              <conditions>
                <condition number="0" type="jump" coverage="0%"/>
              </conditions>
            </line>
            <line number="105" hits="0" branch="false" condition-coverage="100%"/>
            <line number="106" hits="0" branch="false" condition-coverage="100%"/>
            <line number="107" hits="0" branch="false" condition-coverage="100%"/>
            <line number="110" hits="0" branch="false" condition-coverage="100%"/>
            <line number="111" hits="0" branch="false" condition-coverage="100%"/>
            <line number="112" hits="0" branch="false" condition-coverage="100%"/>
            <line number="113" hits="0" branch="false" condition-coverage="100%"/>
            <line number="114" hits="0" branch="false" condition-coverage="100%"/>
            <line number="115" hits="0" branch="false" condition-coverage="100%"/>
            <line number="117" hits="0" branch="true" condition-coverage="0% (0/2)">
              <conditions>
                <condition number="0" type="jump" coverage="0%"/>
              </conditions>
            </line>
            <line number="118" hits="0" branch="true" condition-coverage="0% (0/2)">
              <conditions>
                <condition number="0" type="jump" coverage="0%"/>
              </conditions>
            </line>
            <line number="119" hits="0" branch="false" condition-coverage="100%"/>
            <line number="122" hits="0" branch="false" condition-coverage="100%"/>
            <line number="124" hits="0" branch="false" condition-coverage="100%"/>
            <line number="125" hits="0" branch="false" condition-coverage="100%"/>
            <line number="126" hits="0" branch="false" condition-coverage="100%"/>
            <line number="129" hits="0" branch="true" condition-coverage="0% (0/2)">
              <conditions>
                <condition number="0" type="jump" coverage="0%"/>
              </conditions>
            </line>
            <line number="130" hits="0" branch="true" condition-coverage="0% (0/2)">
              <conditions>
                <condition number="0" type="jump" coverage="0%"/>
              </conditions>
            </line>
            <line number="131" hits="0" branch="false" condition-coverage="100%"/>
            <line number="134" hits="0" branch="false" condition-coverage="100%"/>
            <line number="136" hits="0" branch="false" condition-coverage="100%"/>
            <line number="138" hits="0" branch="false" condition-coverage="100%"/>
            <line number="139" hits="0" branch="false" condition-coverage="100%"/>
          </lines>
        </class>
        <class name="SelectBoxTagLib" filename="SelectBoxTagLib.groovy" line-rate="0.0" branch-rate="1.0" complexity="0.0">
          <methods>
            <method name="&lt;init&gt;" signature="()V" line-rate="0.0" branch-rate="1.0">
              <lines>
                <line number="2" hits="0" branch="false" condition-coverage="100%"/>
              </lines>
            </method>
          </methods>
          <lines>
            <line number="2" hits="0" branch="false" condition-coverage="100%"/>
          </lines>
        </class>
        <class name="SelectBoxTagLib$_closure1" filename="SelectBoxTagLib.groovy" line-rate="0.0" branch-rate="0.0" complexity="0.0">
          <methods>
            <method name="doCall" signature="(Ljava/lang/Object;Ljava/lang/Object;)Ljava/lang/Object;" line-rate="0.0" branch-rate="0.0">
              <lines>
                <line number="6" hits="0" branch="false" condition-coverage="100%"/>
                <line number="31" hits="0" branch="false" condition-coverage="100%"/>
                <line number="33" hits="0" branch="true" condition-coverage="0% (0/2)">
                  <conditions>
                    <condition number="0" type="jump" coverage="0%"/>
                  </conditions>
                </line>
                <line number="34" hits="0" branch="false" condition-coverage="100%"/>
                <line number="37" hits="0" branch="false" condition-coverage="100%"/>
                <line number="38" hits="0" branch="false" condition-coverage="100%"/>
                <line number="39" hits="0" branch="false" condition-coverage="100%"/>
                <line number="40" hits="0" branch="false" condition-coverage="100%"/>
                <line number="41" hits="0" branch="false" condition-coverage="100%"/>
                <line number="42" hits="0" branch="false" condition-coverage="100%"/>
                <line number="43" hits="0" branch="false" condition-coverage="100%"/>
                <line number="44" hits="0" branch="false" condition-coverage="100%"/>
                <line number="45" hits="0" branch="false" condition-coverage="100%"/>
                <line number="46" hits="0" branch="false" condition-coverage="100%"/>
              </lines>
            </method>
          </methods>
          <lines>
            <line number="6" hits="0" branch="false" condition-coverage="100%"/>
            <line number="31" hits="0" branch="false" condition-coverage="100%"/>
            <line number="33" hits="0" branch="true" condition-coverage="0% (0/2)">
              <conditions>
                <condition number="0" type="jump" coverage="0%"/>
              </conditions>
            </line>
            <line number="34" hits="0" branch="false" condition-coverage="100%"/>
            <line number="37" hits="0" branch="false" condition-coverage="100%"/>
            <line number="38" hits="0" branch="false" condition-coverage="100%"/>
            <line number="39" hits="0" branch="false" condition-coverage="100%"/>
            <line number="40" hits="0" branch="false" condition-coverage="100%"/>
            <line number="41" hits="0" branch="false" condition-coverage="100%"/>
            <line number="42" hits="0" branch="false" condition-coverage="100%"/>
            <line number="43" hits="0" branch="false" condition-coverage="100%"/>
            <line number="44" hits="0" branch="false" condition-coverage="100%"/>
            <line number="45" hits="0" branch="false" condition-coverage="100%"/>
            <line number="46" hits="0" branch="false" condition-coverage="100%"/>
          </lines>
        </class>
        <class name="SiteMapFilters" filename="SiteMapFilters.groovy" line-rate="1.0" branch-rate="1.0" complexity="0.0">
          <methods>
            <method name="&lt;init&gt;" signature="()V" line-rate="1.0" branch-rate="1.0">
              <lines>
                <line number="4" hits="1" branch="false" condition-coverage="100%"/>
              </lines>
            </method>
          </methods>
          <lines>
            <line number="4" hits="1" branch="false" condition-coverage="100%"/>
          </lines>
        </class>
        <class name="SiteMapFilters$_closure1" filename="SiteMapFilters.groovy" line-rate="1.0" branch-rate="1.0" complexity="0.0">
          <methods>
            <method name="doCall" signature="(Ljava/lang/Object;)Ljava/lang/Object;" line-rate="1.0" branch-rate="1.0">
              <lines>
                <line number="6" hits="1" branch="false" condition-coverage="100%"/>
                <line number="14" hits="1" branch="false" condition-coverage="100%"/>
              </lines>
            </method>
          </methods>
          <lines>
            <line number="6" hits="1" branch="false" condition-coverage="100%"/>
            <line number="14" hits="1" branch="false" condition-coverage="100%"/>
          </lines>
        </class>
        <class name="SiteMapFilters$_closure1_closure2" filename="SiteMapFilters.groovy" line-rate="1.0" branch-rate="1.0" complexity="0.0">
          <methods>
            <method name="doCall" signature="(Ljava/lang/Object;)Ljava/lang/Object;" line-rate="1.0" branch-rate="1.0">
              <lines>
                <line number="7" hits="1" branch="false" condition-coverage="100%"/>
              </lines>
            </method>
          </methods>
          <lines>
            <line number="7" hits="1" branch="false" condition-coverage="100%"/>
          </lines>
        </class>
        <class name="SiteMapFilters$_closure1_closure2_closure4" filename="SiteMapFilters.groovy" line-rate="0.0" branch-rate="1.0" complexity="0.0">
          <methods>
            <method name="doCall" signature="(Ljava/lang/Object;)Ljava/lang/Object;" line-rate="0.0" branch-rate="1.0">
              <lines>
                <line number="8" hits="0" branch="false" condition-coverage="100%"/>
                <line number="9" hits="0" branch="false" condition-coverage="100%"/>
                <line number="10" hits="0" branch="false" condition-coverage="100%"/>
                <line number="11" hits="0" branch="false" condition-coverage="100%"/>
              </lines>
            </method>
          </methods>
          <lines>
            <line number="8" hits="0" branch="false" condition-coverage="100%"/>
            <line number="9" hits="0" branch="false" condition-coverage="100%"/>
            <line number="10" hits="0" branch="false" condition-coverage="100%"/>
            <line number="11" hits="0" branch="false" condition-coverage="100%"/>
          </lines>
        </class>
        <class name="SiteMapFilters$_closure1_closure3" filename="SiteMapFilters.groovy" line-rate="1.0" branch-rate="1.0" complexity="0.0">
          <methods>
            <method name="doCall" signature="(Ljava/lang/Object;)Ljava/lang/Object;" line-rate="1.0" branch-rate="1.0">
              <lines>
                <line number="15" hits="1" branch="false" condition-coverage="100%"/>
              </lines>
            </method>
          </methods>
          <lines>
            <line number="15" hits="1" branch="false" condition-coverage="100%"/>
          </lines>
        </class>
        <class name="SiteMapFilters$_closure1_closure3_closure5" filename="SiteMapFilters.groovy" line-rate="0.0" branch-rate="1.0" complexity="0.0">
          <methods>
            <method name="doCall" signature="(Ljava/lang/Object;)Ljava/lang/Object;" line-rate="0.0" branch-rate="1.0">
              <lines>
                <line number="16" hits="0" branch="false" condition-coverage="100%"/>
                <line number="17" hits="0" branch="false" condition-coverage="100%"/>
                <line number="18" hits="0" branch="false" condition-coverage="100%"/>
              </lines>
            </method>
          </methods>
          <lines>
            <line number="16" hits="0" branch="false" condition-coverage="100%"/>
            <line number="17" hits="0" branch="false" condition-coverage="100%"/>
            <line number="18" hits="0" branch="false" condition-coverage="100%"/>
          </lines>
        </class>
      </classes>
    </package>
    <package name="com.myproject.controllers" line-rate="0.00967741935483871" branch-rate="0.0" complexity="0.0">
      <classes>
        <class name="com.myproject.controllers.CartController" filename="com/myproject/controllers/CartController.groovy" line-rate="0.0" branch-rate="1.0" complexity="0.0">
          <methods>
            <method name="&lt;init&gt;" signature="()V" line-rate="0.0" branch-rate="1.0">
              <lines>
                <line number="3" hits="0" branch="false" condition-coverage="100%"/>
              </lines>
            </method>
          </methods>
          <lines>
            <line number="3" hits="0" branch="false" condition-coverage="100%"/>
          </lines>
        </class>
        <class name="com.myproject.controllers.CartController.showCart" filename="com/myproject/controllers/CartController.groovy" line-rate="0.0" branch-rate="0.0" complexity="0.0">
          <methods>
            <method name="doCall" signature="(Ljava/lang/Object;)Ljava/lang/Object;" line-rate="0.0" branch-rate="0.0">
              <lines>
                <line number="10" hits="0" branch="true" condition-coverage="0% (0/4)">
                  <conditions>
                    <condition number="0" type="jump" coverage="0%"/>
                    <condition number="1" type="jump" coverage="0%"/>
                  </conditions>
                </line>
                <line number="11" hits="0" branch="false" condition-coverage="100%"/>
                <line number="13" hits="0" branch="false" condition-coverage="100%"/>
                <line number="14" hits="0" branch="false" condition-coverage="100%"/>
                <line number="16" hits="0" branch="false" condition-coverage="100%"/>
              </lines>
            </method>
          </methods>
          <lines>
            <line number="10" hits="0" branch="true" condition-coverage="0% (0/4)">
              <conditions>
                <condition number="0" type="jump" coverage="0%"/>
                <condition number="1" type="jump" coverage="0%"/>
              </conditions>
            </line>
            <line number="11" hits="0" branch="false" condition-coverage="100%"/>
            <line number="13" hits="0" branch="false" condition-coverage="100%"/>
            <line number="14" hits="0" branch="false" condition-coverage="100%"/>
            <line number="16" hits="0" branch="false" condition-coverage="100%"/>
          </lines>
        </class>
        <class name="com.myproject.controllers.CartController.hideCart" filename="com/myproject/controllers/CartController.groovy" line-rate="0.0" branch-rate="1.0" complexity="0.0">
          <methods>
            <method name="doCall" signature="(Ljava/lang/Object;)Ljava/lang/Object;" line-rate="0.0" branch-rate="1.0">
              <lines>
                <line number="20" hits="0" branch="false" condition-coverage="100%"/>
              </lines>
            </method>
          </methods>
          <lines>
            <line number="20" hits="0" branch="false" condition-coverage="100%"/>
          </lines>
        </class>
        <class name="com.myproject.controllers.CheckOutController" filename="com/myproject/controllers/CheckOutController.groovy" line-rate="0.0" branch-rate="1.0" complexity="0.0">
          <methods>
            <method name="&lt;init&gt;" signature="()V" line-rate="0.0" branch-rate="1.0">
              <lines>
                <line number="9" hits="0" branch="false" condition-coverage="100%"/>
              </lines>
            </method>
          </methods>
          <lines>
            <line number="9" hits="0" branch="false" condition-coverage="100%"/>
          </lines>
        </class>
        <class name="com.myproject.controllers.CheckOutController.index" filename="com/myproject/controllers/CheckOutController.groovy" line-rate="0.0" branch-rate="1.0" complexity="0.0">
          <methods>
            <method name="doCall" signature="(Ljava/lang/Object;)Ljava/lang/Object;" line-rate="0.0" branch-rate="1.0">
              <lines>
                <line number="15" hits="0" branch="false" condition-coverage="100%"/>
              </lines>
            </method>
          </methods>
          <lines>
            <line number="15" hits="0" branch="false" condition-coverage="100%"/>
          </lines>
        </class>
        <class name="com.myproject.controllers.CheckOutController.shoppingCartFlow" filename="com/myproject/controllers/CheckOutController.groovy" line-rate="0.0" branch-rate="1.0" complexity="0.0">
          <methods>
            <method name="doCall" signature="(Ljava/lang/Object;)Ljava/lang/Object;" line-rate="0.0" branch-rate="1.0">
              <lines>
                <line number="19" hits="0" branch="false" condition-coverage="100%"/>
                <line number="38" hits="0" branch="false" condition-coverage="100%"/>
                <line number="45" hits="0" branch="false" condition-coverage="100%"/>
                <line number="58" hits="0" branch="false" condition-coverage="100%"/>
                <line number="69" hits="0" branch="false" condition-coverage="100%"/>
                <line number="84" hits="0" branch="false" condition-coverage="100%"/>
                <line number="93" hits="0" branch="false" condition-coverage="100%"/>
                <line number="100" hits="0" branch="false" condition-coverage="100%"/>
                <line number="114" hits="0" branch="false" condition-coverage="100%"/>
                <line number="129" hits="0" branch="false" condition-coverage="100%"/>
                <line number="142" hits="0" branch="false" condition-coverage="100%"/>
                <line number="148" hits="0" branch="false" condition-coverage="100%"/>
                <line number="205" hits="0" branch="false" condition-coverage="100%"/>
                <line number="208" hits="0" branch="false" condition-coverage="100%"/>
              </lines>
            </method>
          </methods>
          <lines>
            <line number="19" hits="0" branch="false" condition-coverage="100%"/>
            <line number="38" hits="0" branch="false" condition-coverage="100%"/>
            <line number="45" hits="0" branch="false" condition-coverage="100%"/>
            <line number="58" hits="0" branch="false" condition-coverage="100%"/>
            <line number="69" hits="0" branch="false" condition-coverage="100%"/>
            <line number="84" hits="0" branch="false" condition-coverage="100%"/>
            <line number="93" hits="0" branch="false" condition-coverage="100%"/>
            <line number="100" hits="0" branch="false" condition-coverage="100%"/>
            <line number="114" hits="0" branch="false" condition-coverage="100%"/>
            <line number="129" hits="0" branch="false" condition-coverage="100%"/>
            <line number="142" hits="0" branch="false" condition-coverage="100%"/>
            <line number="148" hits="0" branch="false" condition-coverage="100%"/>
            <line number="205" hits="0" branch="false" condition-coverage="100%"/>
            <line number="208" hits="0" branch="false" condition-coverage="100%"/>
          </lines>
        </class>
        <class name="com.myproject.controllers.CheckOutController$_closure2_closure10" filename="com/myproject/controllers/CheckOutController.groovy" line-rate="0.0" branch-rate="1.0" complexity="0.0">
          <methods>
            <method name="doCall" signature="(Ljava/lang/Object;)Ljava/lang/Object;" line-rate="0.0" branch-rate="1.0">
              <lines>
                <line number="59" hits="0" branch="false" condition-coverage="100%"/>
                <line number="67" hits="0" branch="false" condition-coverage="100%"/>
              </lines>
            </method>
          </methods>
          <lines>
            <line number="59" hits="0" branch="false" condition-coverage="100%"/>
            <line number="67" hits="0" branch="false" condition-coverage="100%"/>
          </lines>
        </class>
        <class name="com.myproject.controllers.CheckOutController$_closure2_closure10_closure23" filename="com/myproject/controllers/CheckOutController.groovy" line-rate="0.0" branch-rate="1.0" complexity="0.0">
          <methods>
            <method name="doCall" signature="(Ljava/lang/Object;)Ljava/lang/Object;" line-rate="0.0" branch-rate="1.0">
              <lines>
                <line number="60" hits="0" branch="false" condition-coverage="100%"/>
                <line number="63" hits="0" branch="false" condition-coverage="100%"/>
                <line number="65" hits="0" branch="false" condition-coverage="100%"/>
              </lines>
            </method>
          </methods>
          <lines>
            <line number="60" hits="0" branch="false" condition-coverage="100%"/>
            <line number="63" hits="0" branch="false" condition-coverage="100%"/>
            <line number="65" hits="0" branch="false" condition-coverage="100%"/>
          </lines>
        </class>
        <class name="com.myproject.controllers.CheckOutController$_closure2_closure11" filename="com/myproject/controllers/CheckOutController.groovy" line-rate="0.0" branch-rate="1.0" complexity="0.0">
          <methods>
            <method name="doCall" signature="(Ljava/lang/Object;)Ljava/lang/Object;" line-rate="0.0" branch-rate="1.0">
              <lines>
                <line number="70" hits="0" branch="false" condition-coverage="100%"/>
                <line number="71" hits="0" branch="false" condition-coverage="100%"/>
                <line number="81" hits="0" branch="false" condition-coverage="100%"/>
                <line number="82" hits="0" branch="false" condition-coverage="100%"/>
              </lines>
            </method>
          </methods>
          <lines>
            <line number="70" hits="0" branch="false" condition-coverage="100%"/>
            <line number="71" hits="0" branch="false" condition-coverage="100%"/>
            <line number="81" hits="0" branch="false" condition-coverage="100%"/>
            <line number="82" hits="0" branch="false" condition-coverage="100%"/>
          </lines>
        </class>
        <class name="com.myproject.controllers.CheckOutController$_closure2_closure11_closure24" filename="com/myproject/controllers/CheckOutController.groovy" line-rate="0.0" branch-rate="0.0" complexity="0.0">
          <methods>
            <method name="doCall" signature="(Ljava/lang/Object;)Ljava/lang/Object;" line-rate="0.0" branch-rate="0.0">
              <lines>
                <line number="73" hits="0" branch="false" condition-coverage="100%"/>
                <line number="74" hits="0" branch="false" condition-coverage="100%"/>
                <line number="76" hits="0" branch="true" condition-coverage="0% (0/4)">
                  <conditions>
                    <condition number="0" type="jump" coverage="0%"/>
                    <condition number="1" type="jump" coverage="0%"/>
                  </conditions>
                </line>
                <line number="77" hits="0" branch="false" condition-coverage="100%"/>
              </lines>
            </method>
          </methods>
          <lines>
            <line number="73" hits="0" branch="false" condition-coverage="100%"/>
            <line number="74" hits="0" branch="false" condition-coverage="100%"/>
            <line number="76" hits="0" branch="true" condition-coverage="0% (0/4)">
              <conditions>
                <condition number="0" type="jump" coverage="0%"/>
                <condition number="1" type="jump" coverage="0%"/>
              </conditions>
            </line>
            <line number="77" hits="0" branch="false" condition-coverage="100%"/>
          </lines>
        </class>
        <class name="com.myproject.controllers.CheckOutController$_closure2_closure12" filename="com/myproject/controllers/CheckOutController.groovy" line-rate="0.0" branch-rate="1.0" complexity="0.0">
          <methods>
            <method name="doCall" signature="(Ljava/lang/Object;)Ljava/lang/Object;" line-rate="0.0" branch-rate="1.0">
              <lines>
                <line number="85" hits="0" branch="false" condition-coverage="100%"/>
                <line number="91" hits="0" branch="false" condition-coverage="100%"/>
              </lines>
            </method>
          </methods>
          <lines>
            <line number="85" hits="0" branch="false" condition-coverage="100%"/>
            <line number="91" hits="0" branch="false" condition-coverage="100%"/>
          </lines>
        </class>
        <class name="com.myproject.controllers.CheckOutController$_closure2_closure12_closure25" filename="com/myproject/controllers/CheckOutController.groovy" line-rate="0.0" branch-rate="1.0" complexity="0.0">
          <methods>
            <method name="doCall" signature="(Ljava/lang/Object;)Ljava/lang/Object;" line-rate="0.0" branch-rate="1.0">
              <lines>
                <line number="87" hits="0" branch="false" condition-coverage="100%"/>
                <line number="89" hits="0" branch="false" condition-coverage="100%"/>
              </lines>
            </method>
          </methods>
[...]
                  <conditions>
                    <condition number="0" type="jump" coverage="0%"/>
                  </conditions>
                </line>
                <line number="45" hits="0" branch="false" condition-coverage="100%"/>
                <line number="46" hits="0" branch="false" condition-coverage="100%"/>
                <line number="48" hits="0" branch="true" condition-coverage="0% (0/2)">
                  <conditions>
                    <condition number="0" type="jump" coverage="0%"/>
                  </conditions>
                </line>
                <line number="49" hits="0" branch="false" condition-coverage="100%"/>
                <line number="52" hits="0" branch="false" condition-coverage="100%"/>
                <line number="53" hits="0" branch="false" condition-coverage="100%"/>
                <line number="54" hits="0" branch="false" condition-coverage="100%"/>
                <line number="56" hits="0" branch="false" condition-coverage="100%"/>
              </lines>
            </method>
          </methods>
          <lines>
            <line number="8" hits="0" branch="false" condition-coverage="100%"/>
            <line number="12" hits="0" branch="false" condition-coverage="100%"/>
            <line number="13" hits="0" branch="false" condition-coverage="100%"/>
            <line number="15" hits="0" branch="true" condition-coverage="0% (0/2)">
              <conditions>
                <condition number="0" type="jump" coverage="0%"/>
              </conditions>
            </line>
            <line number="16" hits="0" branch="false" condition-coverage="100%"/>
            <line number="18" hits="0" branch="false" condition-coverage="100%"/>
            <line number="21" hits="0" branch="false" condition-coverage="100%"/>
            <line number="24" hits="0" branch="false" condition-coverage="100%"/>
            <line number="27" hits="0" branch="false" condition-coverage="100%"/>
            <line number="29" hits="0" branch="true" condition-coverage="0% (0/2)">
              <conditions>
                <condition number="0" type="jump" coverage="0%"/>
              </conditions>
            </line>
            <line number="32" hits="0" branch="true" condition-coverage="0% (0/2)">
              <conditions>
                <condition number="0" type="jump" coverage="0%"/>
              </conditions>
            </line>
            <line number="34" hits="0" branch="false" condition-coverage="100%"/>
            <line number="35" hits="0" branch="true" condition-coverage="0% (0/2)">
              <conditions>
                <condition number="0" type="jump" coverage="0%"/>
              </conditions>
            </line>
            <line number="38" hits="0" branch="false" condition-coverage="100%"/>
            <line number="39" hits="0" branch="false" condition-coverage="100%"/>
            <line number="43" hits="0" branch="false" condition-coverage="100%"/>
            <line number="44" hits="0" branch="true" condition-coverage="0% (0/2)">
              <conditions>
                <condition number="0" type="jump" coverage="0%"/>
              </conditions>
            </line>
            <line number="45" hits="0" branch="false" condition-coverage="100%"/>
            <line number="46" hits="0" branch="false" condition-coverage="100%"/>
            <line number="48" hits="0" branch="true" condition-coverage="0% (0/2)">
              <conditions>
                <condition number="0" type="jump" coverage="0%"/>
              </conditions>
            </line>
            <line number="49" hits="0" branch="false" condition-coverage="100%"/>
            <line number="52" hits="0" branch="false" condition-coverage="100%"/>
            <line number="53" hits="0" branch="false" condition-coverage="100%"/>
            <line number="54" hits="0" branch="false" condition-coverage="100%"/>
            <line number="56" hits="0" branch="false" condition-coverage="100%"/>
            <line number="61" hits="0" branch="false" condition-coverage="100%"/>
            <line number="62" hits="0" branch="true" condition-coverage="0% (0/2)">
              <conditions>
                <condition number="0" type="jump" coverage="0%"/>
              </conditions>
            </line>
            <line number="63" hits="0" branch="false" condition-coverage="100%"/>
            <line number="65" hits="0" branch="false" condition-coverage="100%"/>
            <line number="70" hits="0" branch="false" condition-coverage="100%"/>
            <line number="71" hits="0" branch="false" condition-coverage="100%"/>
          </lines>
        </class>
        <class name="com.myproject.utils.TextWrapUtil$_drawMultilineString_closure1" filename="com/myproject/utils/TextWrapUtil.groovy" line-rate="0.0" branch-rate="1.0" complexity="0.0">
          <methods>
            <method name="doCall" signature="(Ljava/lang/Object;Ljava/lang/Object;)Ljava/lang/Object;" line-rate="0.0" branch-rate="1.0">
              <lines>
                <line number="66" hits="0" branch="false" condition-coverage="100%"/>
                <line number="67" hits="0" branch="false" condition-coverage="100%"/>
              </lines>
            </method>
          </methods>
          <lines>
            <line number="66" hits="0" branch="false" condition-coverage="100%"/>
            <line number="67" hits="0" branch="false" condition-coverage="100%"/>
          </lines>
        </class>
        <class name="com.myproject.utils.TextWrapUtil$_drawMultilineString_closure2" filename="com/myproject/utils/TextWrapUtil.groovy" line-rate="0.0" branch-rate="1.0" complexity="0.0">
          <methods>
            <method name="doCall" signature="(Ljava/lang/Object;)Ljava/lang/Object;" line-rate="0.0" branch-rate="1.0">
              <lines>
                <line number="70" hits="0" branch="false" condition-coverage="100%"/>
              </lines>
            </method>
          </methods>
          <lines>
            <line number="70" hits="0" branch="false" condition-coverage="100%"/>
          </lines>
        </class>
      </classes>
    </package>
    <package name="org.grails.paypal" line-rate="0.0" branch-rate="0.0" complexity="0.0">
      <classes>
        <class name="org.grails.paypal.PayPalTagLib" filename="org/grails/paypal/PayPalTagLib.groovy" line-rate="0.0" branch-rate="1.0" complexity="0.0">
          <methods>
            <method name="&lt;init&gt;" signature="()V" line-rate="0.0" branch-rate="1.0">
              <lines>
                <line number="4" hits="0" branch="false" condition-coverage="100%"/>
              </lines>
            </method>
          </methods>
          <lines>
            <line number="4" hits="0" branch="false" condition-coverage="100%"/>
          </lines>
        </class>
        <class name="org.grails.paypal.PayPalTagLib$_closure1" filename="org/grails/paypal/PayPalTagLib.groovy" line-rate="0.0" branch-rate="1.0" complexity="0.0">
          <methods>
            <method name="doCall" signature="(Ljava/lang/Object;)Ljava/lang/Object;" line-rate="0.0" branch-rate="1.0">
              <lines>
                <line number="10" hits="0" branch="false" condition-coverage="100%"/>
                <line number="11" hits="0" branch="false" condition-coverage="100%"/>
              </lines>
            </method>
          </methods>
          <lines>
            <line number="10" hits="0" branch="false" condition-coverage="100%"/>
            <line number="11" hits="0" branch="false" condition-coverage="100%"/>
          </lines>
        </class>
        <class name="org.grails.paypal.PayPalTagLib$_closure2" filename="org/grails/paypal/PayPalTagLib.groovy" line-rate="0.0" branch-rate="0.0" complexity="0.0">
          <methods>
            <method name="doCall" signature="(Ljava/lang/Object;)Ljava/lang/Object;" line-rate="0.0" branch-rate="0.0">
              <lines>
                <line number="15" hits="0" branch="false" condition-coverage="100%"/>
                <line number="16" hits="0" branch="false" condition-coverage="100%"/>
                <line number="17" hits="0" branch="false" condition-coverage="100%"/>
                <line number="18" hits="0" branch="false" condition-coverage="100%"/>
                <line number="19" hits="0" branch="true" condition-coverage="0% (0/2)">
                  <conditions>
                    <condition number="0" type="jump" coverage="0%"/>
                  </conditions>
                </line>
                <line number="20" hits="0" branch="false" condition-coverage="100%"/>
                <line number="21" hits="0" branch="true" condition-coverage="0% (0/2)">
                  <conditions>
                    <condition number="0" type="jump" coverage="0%"/>
                  </conditions>
                </line>
                <line number="22" hits="0" branch="true" condition-coverage="0% (0/2)">
                  <conditions>
                    <condition number="0" type="jump" coverage="0%"/>
                  </conditions>
                </line>
                <line number="23" hits="0" branch="true" condition-coverage="0% (0/2)">
                  <conditions>
                    <condition number="0" type="jump" coverage="0%"/>
                  </conditions>
                </line>
                <line number="24" hits="0" branch="true" condition-coverage="0% (0/2)">
                  <conditions>
                    <condition number="0" type="jump" coverage="0%"/>
                  </conditions>
                </line>
                <line number="25" hits="0" branch="true" condition-coverage="0% (0/2)">
                  <conditions>
                    <condition number="0" type="jump" coverage="0%"/>
                  </conditions>
                </line>
                <line number="26" hits="0" branch="true" condition-coverage="0% (0/2)">
                  <conditions>
                    <condition number="0" type="jump" coverage="0%"/>
                  </conditions>
                </line>
                <line number="27" hits="0" branch="true" condition-coverage="0% (0/2)">
                  <conditions>
                    <condition number="0" type="jump" coverage="0%"/>
                  </conditions>
                </line>
                <line number="28" hits="0" branch="true" condition-coverage="0% (0/2)">
                  <conditions>
                    <condition number="0" type="jump" coverage="0%"/>
                  </conditions>
                </line>
                <line number="29" hits="0" branch="false" condition-coverage="100%"/>
                <line number="30" hits="0" branch="false" condition-coverage="100%"/>
                <line number="31" hits="0" branch="false" condition-coverage="100%"/>
                <line number="33" hits="0" branch="true" condition-coverage="0% (0/10)">
                  <conditions>
                    <condition number="0" type="jump" coverage="0%"/>
                    <condition number="1" type="jump" coverage="0%"/>
                    <condition number="2" type="jump" coverage="0%"/>
                    <condition number="3" type="jump" coverage="0%"/>
                    <condition number="4" type="jump" coverage="0%"/>
                  </conditions>
                </line>
                <line number="34" hits="0" branch="false" condition-coverage="100%"/>
                <line number="36" hits="0" branch="true" condition-coverage="0% (0/22)">
                  <conditions>
                    <condition number="0" type="jump" coverage="0%"/>
                    <condition number="1" type="jump" coverage="0%"/>
                    <condition number="2" type="jump" coverage="0%"/>
                    <condition number="3" type="jump" coverage="0%"/>
                    <condition number="4" type="jump" coverage="0%"/>
                    <condition number="5" type="jump" coverage="0%"/>
                    <condition number="6" type="jump" coverage="0%"/>
                    <condition number="7" type="jump" coverage="0%"/>
                    <condition number="8" type="jump" coverage="0%"/>
                    <condition number="9" type="jump" coverage="0%"/>
                    <condition number="10" type="jump" coverage="0%"/>
                  </conditions>
                </line>
                <line number="37" hits="0" branch="false" condition-coverage="100%"/>
                <line number="40" hits="0" branch="false" condition-coverage="100%"/>
                <line number="41" hits="0" branch="true" condition-coverage="0% (0/2)">
                  <conditions>
                    <condition number="0" type="jump" coverage="0%"/>
                  </conditions>
                </line>
                <line number="42" hits="0" branch="false" condition-coverage="100%"/>
              </lines>
            </method>
          </methods>
          <lines>
            <line number="15" hits="0" branch="false" condition-coverage="100%"/>
            <line number="16" hits="0" branch="false" condition-coverage="100%"/>
            <line number="17" hits="0" branch="false" condition-coverage="100%"/>
            <line number="18" hits="0" branch="false" condition-coverage="100%"/>
            <line number="19" hits="0" branch="true" condition-coverage="0% (0/2)">
              <conditions>
                <condition number="0" type="jump" coverage="0%"/>
              </conditions>
            </line>
            <line number="20" hits="0" branch="false" condition-coverage="100%"/>
            <line number="21" hits="0" branch="true" condition-coverage="0% (0/2)">
              <conditions>
                <condition number="0" type="jump" coverage="0%"/>
              </conditions>
            </line>
            <line number="22" hits="0" branch="true" condition-coverage="0% (0/2)">
              <conditions>
                <condition number="0" type="jump" coverage="0%"/>
              </conditions>
            </line>
            <line number="23" hits="0" branch="true" condition-coverage="0% (0/2)">
              <conditions>
                <condition number="0" type="jump" coverage="0%"/>
              </conditions>
            </line>
            <line number="24" hits="0" branch="true" condition-coverage="0% (0/2)">
              <conditions>
                <condition number="0" type="jump" coverage="0%"/>
              </conditions>
            </line>
            <line number="25" hits="0" branch="true" condition-coverage="0% (0/2)">
              <conditions>
                <condition number="0" type="jump" coverage="0%"/>
              </conditions>
            </line>
            <line number="26" hits="0" branch="true" condition-coverage="0% (0/2)">
              <conditions>
                <condition number="0" type="jump" coverage="0%"/>
              </conditions>
            </line>
            <line number="27" hits="0" branch="true" condition-coverage="0% (0/2)">
              <conditions>
                <condition number="0" type="jump" coverage="0%"/>
              </conditions>
            </line>
            <line number="28" hits="0" branch="true" condition-coverage="0% (0/2)">
              <conditions>
                <condition number="0" type="jump" coverage="0%"/>
              </conditions>
            </line>
            <line number="29" hits="0" branch="false" condition-coverage="100%"/>
            <line number="30" hits="0" branch="false" condition-coverage="100%"/>
            <line number="31" hits="0" branch="false" condition-coverage="100%"/>
            <line number="33" hits="0" branch="true" condition-coverage="0% (0/10)">
              <conditions>
                <condition number="0" type="jump" coverage="0%"/>
                <condition number="1" type="jump" coverage="0%"/>
                <condition number="2" type="jump" coverage="0%"/>
                <condition number="3" type="jump" coverage="0%"/>
                <condition number="4" type="jump" coverage="0%"/>
              </conditions>
            </line>
            <line number="34" hits="0" branch="false" condition-coverage="100%"/>
            <line number="36" hits="0" branch="true" condition-coverage="0% (0/22)">
              <conditions>
                <condition number="0" type="jump" coverage="0%"/>
                <condition number="1" type="jump" coverage="0%"/>
                <condition number="2" type="jump" coverage="0%"/>
                <condition number="3" type="jump" coverage="0%"/>
                <condition number="4" type="jump" coverage="0%"/>
                <condition number="5" type="jump" coverage="0%"/>
                <condition number="6" type="jump" coverage="0%"/>
                <condition number="7" type="jump" coverage="0%"/>
                <condition number="8" type="jump" coverage="0%"/>
                <condition number="9" type="jump" coverage="0%"/>
                <condition number="10" type="jump" coverage="0%"/>
              </conditions>
            </line>
            <line number="37" hits="0" branch="false" condition-coverage="100%"/>
            <line number="40" hits="0" branch="false" condition-coverage="100%"/>
            <line number="41" hits="0" branch="true" condition-coverage="0% (0/2)">
              <conditions>
                <condition number="0" type="jump" coverage="0%"/>
              </conditions>
            </line>
            <line number="42" hits="0" branch="false" condition-coverage="100%"/>
          </lines>
        </class>
        <class name="org.grails.paypal.PayPalTagLib$_closure2_closure3" filename="org/grails/paypal/PayPalTagLib.groovy" line-rate="0.0" branch-rate="1.0" complexity="0.0">
          <methods>
            <method name="doCall" signature="(Ljava/lang/Object;Ljava/lang/Object;)Ljava/lang/Object;" line-rate="0.0" branch-rate="1.0">
              <lines>
                <line number="30" hits="0" branch="false" condition-coverage="100%"/>
              </lines>
            </method>
          </methods>
          <lines>
            <line number="30" hits="0" branch="false" condition-coverage="100%"/>
          </lines>
        </class>
        <class name="org.grails.paypal.PayPalTagLib$_closure2_closure4" filename="org/grails/paypal/PayPalTagLib.groovy" line-rate="0.0" branch-rate="1.0" complexity="0.0">
          <methods>
            <method name="doCall" signature="(Ljava/lang/Object;)Ljava/lang/Object;" line-rate="0.0" branch-rate="1.0">
              <lines>
                <line number="43" hits="0" branch="false" condition-coverage="100%"/>
                <line number="49" hits="0" branch="false" condition-coverage="100%"/>
                <line number="50" hits="0" branch="false" condition-coverage="100%"/>
                <line number="51" hits="0" branch="false" condition-coverage="100%"/>
                <line number="52" hits="0" branch="false" condition-coverage="100%"/>
                <line number="53" hits="0" branch="false" condition-coverage="100%"/>
                <line number="54" hits="0" branch="false" condition-coverage="100%"/>
              </lines>
            </method>
          </methods>
          <lines>
            <line number="43" hits="0" branch="false" condition-coverage="100%"/>
            <line number="49" hits="0" branch="false" condition-coverage="100%"/>
            <line number="50" hits="0" branch="false" condition-coverage="100%"/>
            <line number="51" hits="0" branch="false" condition-coverage="100%"/>
            <line number="52" hits="0" branch="false" condition-coverage="100%"/>
            <line number="53" hits="0" branch="false" condition-coverage="100%"/>
            <line number="54" hits="0" branch="false" condition-coverage="100%"/>
          </lines>
        </class>
      </classes>
    </package>
  </packages>
</coverage>
