<?xml version="1.0"?>
<coverage lines-covered="531" lines-valid="1750" line-rate="0.2976275896924354" branches-covered="0" branches-valid="0"
          branch-rate="0" complexity="0" version="1.9" timestamp="1622749392">
    <sources>
        <source>src/test/resources/org/elegoff/plugins/rust/cobertura</source>
    </sources>
    <packages>
        <package name="src/cgroups" line-rate="0.5409836065573771" branch-rate="0" complexity="0">
            <classes>
                <class name="common" filename="src/cgroups/common.rs" line-rate="0.14705882352941177" branch-rate="0"
                       complexity="0">
                    <methods/>
                    <lines>
                        <line number="31" hits="0"/>
                        <line number="32" hits="0"/>
                        <line number="33" hits="0"/>
                        <line number="34" hits="0"/>
                        <line number="37" hits="0"/>
                        <line number="42" hits="1"/>
                        <line number="43" hits="3"/>
                        <line number="47" hits="2"/>
                        <line number="48" hits="1"/>
                        <line number="50" hits="1"/>
                        <line number="53" hits="0"/>
                        <line number="54" hits="0"/>
                        <line number="57" hits="0"/>
                        <line number="59" hits="0"/>
                        <line number="62" hits="0"/>
                        <line number="64" hits="0"/>
                        <line number="65" hits="0"/>
                        <line number="66" hits="0"/>
                        <line number="67" hits="0"/>
                        <line number="69" hits="0"/>
                        <line number="70" hits="0"/>
                        <line number="71" hits="0"/>
                        <line number="72" hits="0"/>
                        <line number="73" hits="0"/>
                        <line number="76" hits="0"/>
                        <line number="77" hits="0"/>
                        <line number="78" hits="0"/>
                        <line number="79" hits="0"/>
                        <line number="80" hits="0"/>
                        <line number="81" hits="0"/>
                        <line number="82" hits="0"/>
                        <line number="83" hits="0"/>
                        <line number="86" hits="0"/>
                        <line number="89" hits="0"/>
                    </lines>
                </class>
                <class name="test" filename="src/cgroups/test.rs" line-rate="0.9636363636363636" branch-rate="0"
                       complexity="0">
                    <methods/>
                    <lines>
                        <line number="18" hits="1"/>
                        <line number="19" hits="1"/>
                        <line number="20" hits="1"/>
                        <line number="21" hits="1"/>
                        <line number="24" hits="1"/>
                        <line number="25" hits="1"/>
                        <line number="30" hits="1"/>
                        <line number="31" hits="2"/>
                        <line number="32" hits="1"/>
                        <line number="33" hits="2"/>
                        <line number="39" hits="1"/>
                        <line number="40" hits="1"/>
                        <line number="45" hits="0"/>
                        <line number="46" hits="0"/>
                        <line number="53" hits="1"/>
                        <line number="54" hits="1"/>
                        <line number="58" hits="1"/>
                        <line number="59" hits="1"/>
                        <line number="60" hits="2"/>
                        <line number="61" hits="1"/>
                        <line number="63" hits="1"/>
                        <line number="66" hits="1"/>
                        <line number="67" hits="1"/>
                        <line number="69" hits="2"/>
                        <line number="73" hits="1"/>
                        <line number="74" hits="1"/>
                        <line number="76" hits="1"/>
                        <line number="79" hits="1"/>
                        <line number="80" hits="1"/>
                        <line number="81" hits="1"/>
                        <line number="89" hits="1"/>
                        <line number="91" hits="1"/>
                        <line number="103" hits="1"/>
                        <line number="104" hits="1"/>
                        <line number="105" hits="1"/>
                        <line number="108" hits="1"/>
                        <line number="109" hits="1"/>
                        <line number="110" hits="1"/>
                        <line number="113" hits="1"/>
                        <line number="114" hits="1"/>
                        <line number="115" hits="1"/>
                        <line number="118" hits="1"/>
                        <line number="119" hits="1"/>
                        <line number="120" hits="1"/>
                        <line number="123" hits="1"/>
                        <line number="124" hits="1"/>
                        <line number="125" hits="1"/>
                        <line number="128" hits="1"/>
                        <line number="129" hits="2"/>
                        <line number="130" hits="1"/>
                        <line number="133" hits="1"/>
                        <line number="134" hits="2"/>
                        <line number="135" hits="1"/>
                        <line number="138" hits="1"/>
                        <line number="139" hits="1"/>
                    </lines>
                </class>
            </classes>
        </package>
    </packages>
</coverage>