<?xml version="1.0" ?>
<!DOCTYPE coverage
    SYSTEM 'http://cobertura.sourceforge.net/xml/coverage-03.dtd'>
<coverage branch-rate="0.5" line-rate="0.27397260274" timestamp="1335184370" version="gcovr 2.5-prerelease (r2774)">
  <sources>
    <source>src/test/resources/org/elegoff/plugins/rust/cobertura</source>
  </sources>

  <packages>
    <package branch-rate="0.0" complexity="0.0" line-rate="0.0" name="mypackage">
      <classes>
        <class branch-rate="0.0" complexity="0.0" filename="/mymodule/src/fake.rs" line-rate="0.0" name="fake">
          <lines>
            <line branch="false" hits="1" number="1"/>
            <line branch="false" hits="0" number="4"/>
            <line branch="false" hits="0" number="6"/>
          </lines>
        </class>
      </classes>
    </package>

    <package branch-rate="0.0" complexity="0.0" line-rate="0.0" name="mypackage">
      <classes>
        <class branch-rate="0.0" complexity="0.0" filename="src/fake.rs" line-rate="0.0" name="fake">
          <lines>
            <line branch="false" hits="1" number="1"/>
            <line branch="false" hits="0" number="4"/>
            <line branch="false" hits="0" number="6"/>
          </lines>
        </class>
      </classes>
    </package>

    <package branch-rate="0.0" complexity="0.0" line-rate="0.0" name="mypackage">
      <classes>
        <class branch-rate="0.0" complexity="0.0" filename="src/cgroups/common.rs" line-rate="0.0" name="fake">
          <lines>
            <line branch="false" hits="1" number="1"/>
            <line branch="false" hits="0" number="4"/>
            <line branch="false" hits="0" number="6"/>
          </lines>
        </class>
      </classes>
    </package>
  </packages>
</coverage>
